# JRE version: OpenJDK Runtime Environment (11.0.15) (build 11.0.15+0-b2043.56-9505619)
# Java VM: OpenJDK 64-Bit Server VM (11.0.15+0-b2043.56-9505619, mixed mode, tiered, compressed oops, g1 gc, windows-amd64)
Heap:
 garbage-first heap   total 248832K, used 171821K [0x0000000080000000, 0x0000000100000000)
  region size 1024K, 52 young (53248K), 2 survivors (2048K)
 Metaspace       used 70365K, capacity 72157K, committed 72368K, reserved 1112064K
  class space    used 8970K, capacity 9687K, committed 9728K, reserved 1048576K
GC Heap History (20 events):
Event: 6.751 GC heap before
{Heap before GC invocations=27 (full 0):
 garbage-first heap   total 143360K, used 115869K [0x0000000080000000, 0x0000000100000000)
  region size 1024K, 23 young (23552K), 3 survivors (3072K)
 Metaspace       used 51388K, capacity 52777K, committed 53040K, reserved 1095680K
  class space    used 6629K, capacity 7185K, committed 7296K, reserved 1048576K
}
Event: 6.757 GC heap after
{Heap after GC invocations=28 (full 0):
 garbage-first heap   total 172032K, used 95989K [0x0000000080000000, 0x0000000100000000)
  region size 1024K, 1 young (1024K), 1 survivors (1024K)
 Metaspace       used 51388K, capacity 52777K, committed 53040K, reserved 1095680K
  class space    used 6629K, capacity 7185K, committed 7296K, reserved 1048576K
}
Event: 7.192 GC heap before
{Heap before GC invocations=29 (full 0):
 garbage-first heap   total 172032K, used 125685K [0x0000000080000000, 0x0000000100000000)
  region size 1024K, 31 young (31744K), 1 survivors (1024K)
 Metaspace       used 52317K, capacity 53778K, committed 54064K, reserved 1095680K
  class space    used 6687K, capacity 7253K, committed 7296K, reserved 1048576K
}
Event: 7.196 GC heap after
{Heap after GC invocations=30 (full 0):
 garbage-first heap   total 172032K, used 97396K [0x0000000080000000, 0x0000000100000000)
  region size 1024K, 3 young (3072K), 3 survivors (3072K)
 Metaspace       used 52317K, capacity 53778K, committed 54064K, reserved 1095680K
  class space    used 6687K, capacity 7253K, committed 7296K, reserved 1048576K
}
Event: 7.232 GC heap before
{Heap before GC invocations=30 (full 0):
 garbage-first heap   total 172032K, used 99444K [0x0000000080000000, 0x0000000100000000)
  region size 1024K, 6 young (6144K), 3 survivors (3072K)
 Metaspace       used 52378K, capacity 53826K, committed 54064K, reserved 1095680K
  class space    used 6695K, capacity 7289K, committed 7296K, reserved 1048576K
}
Event: 7.235 GC heap after
{Heap after GC invocations=31 (full 0):
 garbage-first heap   total 172032K, used 97597K [0x0000000080000000, 0x0000000100000000)
  region size 1024K, 3 young (3072K), 3 survivors (3072K)
 Metaspace       used 52378K, capacity 53826K, committed 54064K, reserved 1095680K
  class space    used 6695K, capacity 7289K, committed 7296K, reserved 1048576K
}
Event: 7.288 GC heap before
{Heap before GC invocations=32 (full 0):
 garbage-first heap   total 172032K, used 105789K [0x0000000080000000, 0x0000000100000000)
  region size 1024K, 9 young (9216K), 3 survivors (3072K)
 Metaspace       used 52521K, capacity 54144K, committed 54448K, reserved 1095680K
  class space    used 6711K, capacity 7331K, committed 7424K, reserved 1048576K
}
Event: 7.292 GC heap after
{Heap after GC invocations=33 (full 0):
 garbage-first heap   total 172032K, used 104557K [0x0000000080000000, 0x0000000100000000)
  region size 1024K, 5 young (5120K), 5 survivors (5120K)
 Metaspace       used 52521K, capacity 54144K, committed 54448K, reserved 1095680K
  class space    used 6711K, capacity 7331K, committed 7424K, reserved 1048576K
}
Event: 7.335 GC heap before
{Heap before GC invocations=34 (full 0):
 garbage-first heap   total 172032K, used 112749K [0x0000000080000000, 0x0000000100000000)
  region size 1024K, 10 young (10240K), 5 survivors (5120K)
 Metaspace       used 52801K, capacity 54368K, committed 54448K, reserved 1095680K
  class space    used 6761K, capacity 7363K, committed 7424K, reserved 1048576K
}
Event: 7.340 GC heap after
{Heap after GC invocations=35 (full 0):
 garbage-first heap   total 206848K, used 110847K [0x0000000080000000, 0x0000000100000000)
  region size 1024K, 3 young (3072K), 3 survivors (3072K)
 Metaspace       used 52801K, capacity 54368K, committed 54448K, reserved 1095680K
  class space    used 6761K, capacity 7363K, committed 7424K, reserved 1048576K
}
Event: 7.703 GC heap before
{Heap before GC invocations=36 (full 0):
 garbage-first heap   total 206848K, used 143615K [0x0000000080000000, 0x0000000100000000)
  region size 1024K, 34 young (34816K), 3 survivors (3072K)
 Metaspace       used 56155K, capacity 57814K, committed 58032K, reserved 1099776K
  class space    used 7195K, capacity 7847K, committed 7936K, reserved 1048576K
}
Event: 7.706 GC heap after
{Heap after GC invocations=37 (full 0):
 garbage-first heap   total 206848K, used 113273K [0x0000000080000000, 0x0000000100000000)
  region size 1024K, 5 young (5120K), 5 survivors (5120K)
 Metaspace       used 56155K, capacity 57814K, committed 58032K, reserved 1099776K
  class space    used 7195K, capacity 7847K, committed 7936K, reserved 1048576K
}
Event: 8.203 GC heap before
{Heap before GC invocations=37 (full 0):
 garbage-first heap   total 206848K, used 147065K [0x0000000080000000, 0x0000000100000000)
  region size 1024K, 38 young (38912K), 5 survivors (5120K)
 Metaspace       used 61034K, capacity 62819K, committed 63024K, reserved 1103872K
  class space    used 7807K, capacity 8542K, committed 8576K, reserved 1048576K
}
Event: 8.210 GC heap after
{Heap after GC invocations=38 (full 0):
 garbage-first heap   total 206848K, used 114282K [0x0000000080000000, 0x0000000100000000)
  region size 1024K, 2 young (2048K), 2 survivors (2048K)
 Metaspace       used 61034K, capacity 62819K, committed 63024K, reserved 1103872K
  class space    used 7807K, capacity 8542K, committed 8576K, reserved 1048576K
}
Event: 8.382 GC heap before
{Heap before GC invocations=39 (full 0):
 garbage-first heap   total 206848K, used 121450K [0x0000000080000000, 0x0000000100000000)
  region size 1024K, 10 young (10240K), 2 survivors (2048K)
 Metaspace       used 62668K, capacity 64430K, committed 64688K, reserved 1105920K
  class space    used 7981K, capacity 8695K, committed 8704K, reserved 1048576K
}
Event: 8.391 GC heap after
{Heap after GC invocations=40 (full 0):
 garbage-first heap   total 206848K, used 115712K [0x0000000080000000, 0x0000000100000000)
  region size 1024K, 3 young (3072K), 3 survivors (3072K)
 Metaspace       used 62668K, capacity 64430K, committed 64688K, reserved 1105920K
  class space    used 7981K, capacity 8695K, committed 8704K, reserved 1048576K
}
Event: 8.794 GC heap before
{Heap before GC invocations=41 (full 0):
 garbage-first heap   total 206848K, used 160768K [0x0000000080000000, 0x0000000100000000)
  region size 1024K, 40 young (40960K), 3 survivors (3072K)
 Metaspace       used 64981K, capacity 66770K, committed 66864K, reserved 1107968K
  class space    used 8275K, capacity 8995K, committed 9088K, reserved 1048576K
}
Event: 8.799 GC heap after
{Heap after GC invocations=42 (full 0):
 garbage-first heap   total 206848K, used 118867K [0x0000000080000000, 0x0000000100000000)
  region size 1024K, 5 young (5120K), 5 survivors (5120K)
 Metaspace       used 64981K, capacity 66770K, committed 66864K, reserved 1107968K
  class space    used 8275K, capacity 8995K, committed 9088K, reserved 1048576K
}
Event: 9.029 GC heap before
{Heap before GC invocations=42 (full 0):
 garbage-first heap   total 206848K, used 141395K [0x0000000080000000, 0x0000000100000000)
  region size 1024K, 28 young (28672K), 5 survivors (5120K)
 Metaspace       used 66523K, capacity 68340K, committed 68528K, reserved 1107968K
  class space    used 8480K, capacity 9195K, committed 9216K, reserved 1048576K
}
Event: 9.034 GC heap after
{Heap after GC invocations=43 (full 0):
 garbage-first heap   total 248832K, used 120621K [0x0000000080000000, 0x0000000100000000)
  region size 1024K, 2 young (2048K), 2 survivors (2048K)
 Metaspace       used 66523K, capacity 68340K, committed 68528K, reserved 1107968K
  class space    used 8480K, capacity 9195K, committed 9216K, reserved 1048576K
}

