# JRE version: OpenJDK Runtime Environment (11.0.15) (build 11.0.15+0-b2043.56-9505619)
# Java VM: OpenJDK 64-Bit Server VM (11.0.15+0-b2043.56-9505619, mixed mode, tiered, compressed oops, g1 gc, windows-amd64)
Heap:
 garbage-first heap   total 319488K, used 181986K [0x0000000080000000, 0x0000000100000000)
  region size 1024K, 5 young (5120K), 5 survivors (5120K)
 Metaspace       used 100350K, capacity 103140K, committed 103216K, reserved 1138688K
  class space    used 12884K, capacity 13902K, committed 13952K, reserved 1048576K
GC Heap History (20 events):
Event: 16.862 GC heap after
{Heap after GC invocations=58 (full 0):
 garbage-first heap   total 221184K, used 166818K [0x0000000080000000, 0x0000000100000000)
  region size 1024K, 2 young (2048K), 2 survivors (2048K)
 Metaspace       used 81832K, capacity 84141K, committed 84272K, reserved 1122304K
  class space    used 10685K, capacity 11557K, committed 11648K, reserved 1048576K
}
Event: 16.941 GC heap before
{Heap before GC invocations=59 (full 0):
 garbage-first heap   total 221184K, used 190370K [0x0000000080000000, 0x0000000100000000)
  region size 1024K, 25 young (25600K), 2 survivors (2048K)
 Metaspace       used 82463K, capacity 84809K, committed 84912K, reserved 1122304K
  class space    used 10770K, capacity 11690K, committed 11776K, reserved 1048576K
}
Event: 16.943 GC heap after
{Heap after GC invocations=60 (full 0):
 garbage-first heap   total 221184K, used 167065K [0x0000000080000000, 0x0000000100000000)
  region size 1024K, 2 young (2048K), 2 survivors (2048K)
 Metaspace       used 82463K, capacity 84809K, committed 84912K, reserved 1122304K
  class space    used 10770K, capacity 11690K, committed 11776K, reserved 1048576K
}
Event: 17.112 GC heap before
{Heap before GC invocations=60 (full 0):
 garbage-first heap   total 221184K, used 191641K [0x0000000080000000, 0x0000000100000000)
  region size 1024K, 26 young (26624K), 2 survivors (2048K)
 Metaspace       used 83392K, capacity 85756K, committed 86064K, reserved 1124352K
  class space    used 10907K, capacity 11835K, committed 11904K, reserved 1048576K
}
Event: 17.116 GC heap after
{Heap after GC invocations=61 (full 0):
 garbage-first heap   total 221184K, used 168505K [0x0000000080000000, 0x0000000100000000)
  region size 1024K, 3 young (3072K), 3 survivors (3072K)
 Metaspace       used 83392K, capacity 85756K, committed 86064K, reserved 1124352K
  class space    used 10907K, capacity 11835K, committed 11904K, reserved 1048576K
}
Event: 17.232 GC heap before
{Heap before GC invocations=62 (full 0):
 garbage-first heap   total 221184K, used 192057K [0x0000000080000000, 0x0000000100000000)
  region size 1024K, 26 young (26624K), 3 survivors (3072K)
 Metaspace       used 84338K, capacity 86769K, committed 86832K, reserved 1124352K
  class space    used 11022K, capacity 11895K, committed 11904K, reserved 1048576K
}
Event: 17.236 GC heap after
{Heap after GC invocations=63 (full 0):
 garbage-first heap   total 221184K, used 169172K [0x0000000080000000, 0x0000000100000000)
  region size 1024K, 3 young (3072K), 3 survivors (3072K)
 Metaspace       used 84338K, capacity 86769K, committed 86832K, reserved 1124352K
  class space    used 11022K, capacity 11895K, committed 11904K, reserved 1048576K
}
Event: 17.248 GC heap before
{Heap before GC invocations=63 (full 0):
 garbage-first heap   total 221184K, used 173268K [0x0000000080000000, 0x0000000100000000)
  region size 1024K, 9 young (9216K), 3 survivors (3072K)
 Metaspace       used 84626K, capacity 87057K, committed 87216K, reserved 1124352K
  class space    used 11044K, capacity 11927K, committed 12032K, reserved 1048576K
}
Event: 17.251 GC heap after
{Heap after GC invocations=64 (full 0):
 garbage-first heap   total 221184K, used 169646K [0x0000000080000000, 0x0000000100000000)
  region size 1024K, 3 young (3072K), 3 survivors (3072K)
 Metaspace       used 84626K, capacity 87057K, committed 87216K, reserved 1124352K
  class space    used 11044K, capacity 11927K, committed 12032K, reserved 1048576K
}
Event: 17.319 GC heap before
{Heap before GC invocations=64 (full 0):
 garbage-first heap   total 221184K, used 192174K [0x0000000080000000, 0x0000000100000000)
  region size 1024K, 24 young (24576K), 3 survivors (3072K)
 Metaspace       used 86109K, capacity 88593K, committed 88880K, reserved 1126400K
  class space    used 11163K, capacity 12055K, committed 12160K, reserved 1048576K
}
Event: 17.322 GC heap after
{Heap after GC invocations=65 (full 0):
 garbage-first heap   total 266240K, used 169226K [0x0000000080000000, 0x0000000100000000)
  region size 1024K, 1 young (1024K), 1 survivors (1024K)
 Metaspace       used 86109K, capacity 88593K, committed 88880K, reserved 1126400K
  class space    used 11163K, capacity 12055K, committed 12160K, reserved 1048576K
}
Event: 18.367 GC heap before
{Heap before GC invocations=66 (full 0):
 garbage-first heap   total 266240K, used 210186K [0x0000000080000000, 0x0000000100000000)
  region size 1024K, 41 young (41984K), 1 survivors (1024K)
 Metaspace       used 91265K, capacity 93734K, committed 93872K, reserved 1130496K
  class space    used 11866K, capacity 12770K, committed 12800K, reserved 1048576K
}
Event: 18.372 GC heap after
{Heap after GC invocations=67 (full 0):
 garbage-first heap   total 266240K, used 170673K [0x0000000080000000, 0x0000000100000000)
  region size 1024K, 3 young (3072K), 3 survivors (3072K)
 Metaspace       used 91265K, capacity 93734K, committed 93872K, reserved 1130496K
  class space    used 11866K, capacity 12770K, committed 12800K, reserved 1048576K
}
Event: 19.094 GC heap before
{Heap before GC invocations=67 (full 0):
 garbage-first heap   total 266240K, used 212657K [0x0000000080000000, 0x0000000100000000)
  region size 1024K, 45 young (46080K), 3 survivors (3072K)
 Metaspace       used 94952K, capacity 97599K, committed 97840K, reserved 1134592K
  class space    used 12406K, capacity 13365K, committed 13440K, reserved 1048576K
}
Event: 19.102 GC heap after
{Heap after GC invocations=68 (full 0):
 garbage-first heap   total 266240K, used 173558K [0x0000000080000000, 0x0000000100000000)
  region size 1024K, 5 young (5120K), 5 survivors (5120K)
 Metaspace       used 94952K, capacity 97599K, committed 97840K, reserved 1134592K
  class space    used 12406K, capacity 13365K, committed 13440K, reserved 1048576K
}
Event: 20.344 GC heap before
{Heap before GC invocations=69 (full 0):
 garbage-first heap   total 266240K, used 215542K [0x0000000080000000, 0x0000000100000000)
  region size 1024K, 47 young (48128K), 5 survivors (5120K)
 Metaspace       used 98523K, capacity 101384K, committed 101552K, reserved 1136640K
  class space    used 12733K, capacity 13753K, committed 13824K, reserved 1048576K
}
Event: 20.353 GC heap after
{Heap after GC invocations=70 (full 0):
 garbage-first heap   total 266240K, used 177018K [0x0000000080000000, 0x0000000100000000)
  region size 1024K, 6 young (6144K), 6 survivors (6144K)
 Metaspace       used 98523K, capacity 101384K, committed 101552K, reserved 1136640K
  class space    used 12733K, capacity 13753K, committed 13824K, reserved 1048576K
}
Event: 20.941 GC heap before
{Heap before GC invocations=70 (full 0):
 garbage-first heap   total 266240K, used 219002K [0x0000000080000000, 0x0000000100000000)
  region size 1024K, 48 young (49152K), 6 survivors (6144K)
 Metaspace       used 99203K, capacity 101956K, committed 102064K, reserved 1138688K
  class space    used 12777K, capacity 13800K, committed 13824K, reserved 1048576K
}
Event: 20.955 GC heap after
{Heap after GC invocations=71 (full 0):
 garbage-first heap   total 266240K, used 180077K [0x0000000080000000, 0x0000000100000000)
  region size 1024K, 4 young (4096K), 4 survivors (4096K)
 Metaspace       used 99203K, capacity 101956K, committed 102064K, reserved 1138688K
  class space    used 12777K, capacity 13800K, committed 13824K, reserved 1048576K
}
Event: 21.485 GC heap before
{Heap before GC invocations=72 (full 0):
 garbage-first heap   total 266240K, used 221037K [0x0000000080000000, 0x0000000100000000)
  region size 1024K, 45 young (46080K), 4 survivors (4096K)
 Metaspace       used 100350K, capacity 103140K, committed 103216K, reserved 1138688K
  class space    used 12884K, capacity 13902K, committed 13952K, reserved 1048576K
}

