# JRE version: OpenJDK Runtime Environment (11.0.15) (build 11.0.15+0-b2043.56-9505619)
# Java VM: OpenJDK 64-Bit Server VM (11.0.15+0-b2043.56-9505619, mixed mode, tiered, compressed oops, g1 gc, windows-amd64)
Heap:
 garbage-first heap   total 248832K, used 190008K [0x0000000080000000, 0x0000000100000000)
  region size 1024K, 27 young (27648K), 6 survivors (6144K)
 Metaspace       used 93734K, capacity 96279K, committed 96560K, reserved 1132544K
  class space    used 12205K, capacity 13158K, committed 13184K, reserved 1048576K
GC Heap History (20 events):
Event: 11.442 GC heap before
{Heap before GC invocations=45 (full 0):
 garbage-first heap   total 206848K, used 165844K [0x0000000080000000, 0x0000000100000000)
  region size 1024K, 48 young (49152K), 5 survivors (5120K)
 Metaspace       used 70687K, capacity 72570K, committed 72752K, reserved 1112064K
  class space    used 9012K, capacity 9782K, committed 9856K, reserved 1048576K
}
Event: 11.454 GC heap after
{Heap after GC invocations=46 (full 0):
 garbage-first heap   total 206848K, used 124919K [0x0000000080000000, 0x0000000100000000)
  region size 1024K, 6 young (6144K), 6 survivors (6144K)
 Metaspace       used 70687K, capacity 72570K, committed 72752K, reserved 1112064K
  class space    used 9012K, capacity 9782K, committed 9856K, reserved 1048576K
}
Event: 12.210 GC heap before
{Heap before GC invocations=47 (full 0):
 garbage-first heap   total 206848K, used 168951K [0x0000000080000000, 0x0000000100000000)
  region size 1024K, 49 young (50176K), 6 survivors (6144K)
 Metaspace       used 75813K, capacity 77720K, committed 78000K, reserved 1116160K
  class space    used 9886K, capacity 10679K, committed 10752K, reserved 1048576K
}
Event: 12.218 GC heap after
{Heap after GC invocations=48 (full 0):
 garbage-first heap   total 248832K, used 127405K [0x0000000080000000, 0x0000000100000000)
  region size 1024K, 6 young (6144K), 6 survivors (6144K)
 Metaspace       used 75813K, capacity 77720K, committed 78000K, reserved 1116160K
  class space    used 9886K, capacity 10679K, committed 10752K, reserved 1048576K
}
Event: 12.656 GC heap before
{Heap before GC invocations=48 (full 0):
 garbage-first heap   total 248832K, used 156077K [0x0000000080000000, 0x0000000100000000)
  region size 1024K, 35 young (35840K), 6 survivors (6144K)
 Metaspace       used 78700K, capacity 80727K, committed 80944K, reserved 1120256K
  class space    used 10266K, capacity 11097K, committed 11136K, reserved 1048576K
}
Event: 12.663 GC heap after
{Heap after GC invocations=49 (full 0):
 garbage-first heap   total 248832K, used 129763K [0x0000000080000000, 0x0000000100000000)
  region size 1024K, 5 young (5120K), 5 survivors (5120K)
 Metaspace       used 78700K, capacity 80727K, committed 80944K, reserved 1120256K
  class space    used 10266K, capacity 11097K, committed 11136K, reserved 1048576K
}
Event: 12.738 GC heap before
{Heap before GC invocations=50 (full 0):
 garbage-first heap   total 248832K, used 158435K [0x0000000080000000, 0x0000000100000000)
  region size 1024K, 10 young (10240K), 5 survivors (5120K)
 Metaspace       used 78701K, capacity 80727K, committed 80944K, reserved 1120256K
  class space    used 10266K, capacity 11097K, committed 11136K, reserved 1048576K
}
Event: 12.743 GC heap after
{Heap after GC invocations=51 (full 0):
 garbage-first heap   total 248832K, used 159641K [0x0000000080000000, 0x0000000100000000)
  region size 1024K, 7 young (7168K), 7 survivors (7168K)
 Metaspace       used 78701K, capacity 80727K, committed 80944K, reserved 1120256K
  class space    used 10266K, capacity 11097K, committed 11136K, reserved 1048576K
}
Event: 13.254 GC heap before
{Heap before GC invocations=52 (full 0):
 garbage-first heap   total 248832K, used 202649K [0x0000000080000000, 0x0000000100000000)
  region size 1024K, 47 young (48128K), 7 survivors (7168K)
 Metaspace       used 80682K, capacity 82899K, committed 82992K, reserved 1120256K
  class space    used 10547K, capacity 11380K, committed 11392K, reserved 1048576K
}
Event: 13.264 GC heap after
{Heap after GC invocations=53 (full 0):
 garbage-first heap   total 248832K, used 164339K [0x0000000080000000, 0x0000000100000000)
  region size 1024K, 3 young (3072K), 3 survivors (3072K)
 Metaspace       used 80682K, capacity 82899K, committed 82992K, reserved 1120256K
  class space    used 10547K, capacity 11380K, committed 11392K, reserved 1048576K
}
Event: 13.364 GC heap before
{Heap before GC invocations=53 (full 0):
 garbage-first heap   total 248832K, used 204275K [0x0000000080000000, 0x0000000100000000)
  region size 1024K, 42 young (43008K), 3 survivors (3072K)
 Metaspace       used 81895K, capacity 84183K, committed 84528K, reserved 1122304K
  class space    used 10708K, capacity 11552K, committed 11648K, reserved 1048576K
}
Event: 13.369 GC heap after
{Heap after GC invocations=54 (full 0):
 garbage-first heap   total 248832K, used 164961K [0x0000000080000000, 0x0000000100000000)
  region size 1024K, 4 young (4096K), 4 survivors (4096K)
 Metaspace       used 81895K, capacity 84183K, committed 84528K, reserved 1122304K
  class space    used 10708K, capacity 11552K, committed 11648K, reserved 1048576K
}
Event: 13.652 GC heap before
{Heap before GC invocations=55 (full 0):
 garbage-first heap   total 248832K, used 204897K [0x0000000080000000, 0x0000000100000000)
  region size 1024K, 44 young (45056K), 4 survivors (4096K)
 Metaspace       used 83122K, capacity 85420K, committed 85680K, reserved 1124352K
  class space    used 10877K, capacity 11766K, committed 11776K, reserved 1048576K
}
Event: 13.657 GC heap after
{Heap after GC invocations=56 (full 0):
 garbage-first heap   total 248832K, used 166648K [0x0000000080000000, 0x0000000100000000)
  region size 1024K, 3 young (3072K), 3 survivors (3072K)
 Metaspace       used 83122K, capacity 85420K, committed 85680K, reserved 1124352K
  class space    used 10877K, capacity 11766K, committed 11776K, reserved 1048576K
}
Event: 13.748 GC heap before
{Heap before GC invocations=56 (full 0):
 garbage-first heap   total 248832K, used 190200K [0x0000000080000000, 0x0000000100000000)
  region size 1024K, 27 young (27648K), 3 survivors (3072K)
 Metaspace       used 84205K, capacity 86620K, committed 86832K, reserved 1124352K
  class space    used 11004K, capacity 11867K, committed 11904K, reserved 1048576K
}
Event: 13.752 GC heap after
{Heap after GC invocations=57 (full 0):
 garbage-first heap   total 248832K, used 167320K [0x0000000080000000, 0x0000000100000000)
  region size 1024K, 4 young (4096K), 4 survivors (4096K)
 Metaspace       used 84205K, capacity 86620K, committed 86832K, reserved 1124352K
  class space    used 11004K, capacity 11867K, committed 11904K, reserved 1048576K
}
Event: 13.975 GC heap before
{Heap before GC invocations=58 (full 0):
 garbage-first heap   total 248832K, used 207256K [0x0000000080000000, 0x0000000100000000)
  region size 1024K, 43 young (44032K), 4 survivors (4096K)
 Metaspace       used 87401K, capacity 89816K, committed 90032K, reserved 1126400K
  class space    used 11352K, capacity 12224K, committed 12288K, reserved 1048576K
}
Event: 13.979 GC heap after
{Heap after GC invocations=59 (full 0):
 garbage-first heap   total 248832K, used 167321K [0x0000000080000000, 0x0000000100000000)
  region size 1024K, 4 young (4096K), 4 survivors (4096K)
 Metaspace       used 87401K, capacity 89816K, committed 90032K, reserved 1126400K
  class space    used 11352K, capacity 12224K, committed 12288K, reserved 1048576K
}
Event: 14.494 GC heap before
{Heap before GC invocations=59 (full 0):
 garbage-first heap   total 248832K, used 208281K [0x0000000080000000, 0x0000000100000000)
  region size 1024K, 44 young (45056K), 4 survivors (4096K)
 Metaspace       used 92100K, capacity 94582K, committed 94768K, reserved 1130496K
  class space    used 11991K, capacity 12901K, committed 12928K, reserved 1048576K
}
Event: 14.500 GC heap after
{Heap after GC invocations=60 (full 0):
 garbage-first heap   total 248832K, used 169528K [0x0000000080000000, 0x0000000100000000)
  region size 1024K, 6 young (6144K), 6 survivors (6144K)
 Metaspace       used 92100K, capacity 94582K, committed 94768K, reserved 1130496K
  class space    used 11991K, capacity 12901K, committed 12928K, reserved 1048576K
}

