# JRE version: OpenJDK Runtime Environment (11.0.15) (build 11.0.15+0-b2043.56-9505619)
# Java VM: OpenJDK 64-Bit Server VM (11.0.15+0-b2043.56-9505619, mixed mode, tiered, compressed oops, g1 gc, windows-amd64)
Heap:
 garbage-first heap   total 172032K, used 96430K [0x0000000080000000, 0x0000000100000000)
  region size 1024K, 3 young (3072K), 3 survivors (3072K)
 Metaspace       used 49928K, capacity 51364K, committed 51504K, reserved 1093632K
  class space    used 6417K, capacity 6971K, committed 7040K, reserved 1048576K
GC Heap History (20 events):
Event: 3.957 GC heap after
{Heap after GC invocations=9 (full 0):
 garbage-first heap   total 118784K, used 54792K [0x0000000080000000, 0x0000000100000000)
  region size 1024K, 2 young (2048K), 2 survivors (2048K)
 Metaspace       used 34566K, capacity 35651K, committed 35888K, reserved 1081344K
  class space    used 4646K, capacity 4991K, committed 4992K, reserved 1048576K
}
Event: 4.434 GC heap before
{Heap before GC invocations=10 (full 0):
 garbage-first heap   total 118784K, used 90632K [0x0000000080000000, 0x0000000100000000)
  region size 1024K, 37 young (37888K), 2 survivors (2048K)
 Metaspace       used 39781K, capacity 40919K, committed 41136K, reserved 1085440K
  class space    used 5142K, capacity 5552K, committed 5632K, reserved 1048576K
}
Event: 4.441 GC heap after
{Heap after GC invocations=11 (full 0):
 garbage-first heap   total 118784K, used 59315K [0x0000000080000000, 0x0000000100000000)
  region size 1024K, 5 young (5120K), 5 survivors (5120K)
 Metaspace       used 39781K, capacity 40919K, committed 41136K, reserved 1085440K
  class space    used 5142K, capacity 5552K, committed 5632K, reserved 1048576K
}
Event: 4.532 GC heap before
{Heap before GC invocations=11 (full 0):
 garbage-first heap   total 118784K, used 68531K [0x0000000080000000, 0x0000000100000000)
  region size 1024K, 15 young (15360K), 5 survivors (5120K)
 Metaspace       used 40248K, capacity 41444K, committed 41648K, reserved 1085440K
  class space    used 5186K, capacity 5619K, committed 5632K, reserved 1048576K
}
Event: 4.539 GC heap after
{Heap after GC invocations=12 (full 0):
 garbage-first heap   total 118784K, used 61386K [0x0000000080000000, 0x0000000100000000)
  region size 1024K, 2 young (2048K), 2 survivors (2048K)
 Metaspace       used 40248K, capacity 41444K, committed 41648K, reserved 1085440K
  class space    used 5186K, capacity 5619K, committed 5632K, reserved 1048576K
}
Event: 4.901 GC heap before
{Heap before GC invocations=13 (full 0):
 garbage-first heap   total 118784K, used 89034K [0x0000000080000000, 0x0000000100000000)
  region size 1024K, 26 young (26624K), 2 survivors (2048K)
 Metaspace       used 43188K, capacity 44363K, committed 44592K, reserved 1087488K
  class space    used 5516K, capacity 5929K, committed 6016K, reserved 1048576K
}
Event: 4.904 GC heap after
{Heap after GC invocations=14 (full 0):
 garbage-first heap   total 118784K, used 61516K [0x0000000080000000, 0x0000000100000000)
  region size 1024K, 3 young (3072K), 3 survivors (3072K)
 Metaspace       used 43188K, capacity 44363K, committed 44592K, reserved 1087488K
  class space    used 5516K, capacity 5929K, committed 6016K, reserved 1048576K
}
Event: 5.197 GC heap before
{Heap before GC invocations=14 (full 0):
 garbage-first heap   total 118784K, used 79948K [0x0000000080000000, 0x0000000100000000)
  region size 1024K, 22 young (22528K), 3 survivors (3072K)
 Metaspace       used 44538K, capacity 45747K, committed 45872K, reserved 1089536K
  class space    used 5704K, capacity 6150K, committed 6272K, reserved 1048576K
}
Event: 5.202 GC heap after
{Heap after GC invocations=15 (full 0):
 garbage-first heap   total 118784K, used 62556K [0x0000000080000000, 0x0000000100000000)
  region size 1024K, 4 young (4096K), 4 survivors (4096K)
 Metaspace       used 44538K, capacity 45747K, committed 45872K, reserved 1089536K
  class space    used 5704K, capacity 6150K, committed 6272K, reserved 1048576K
}
Event: 5.255 GC heap before
{Heap before GC invocations=16 (full 0):
 garbage-first heap   total 118784K, used 77916K [0x0000000080000000, 0x0000000100000000)
  region size 1024K, 6 young (6144K), 4 survivors (4096K)
 Metaspace       used 44538K, capacity 45747K, committed 45872K, reserved 1089536K
  class space    used 5704K, capacity 6150K, committed 6272K, reserved 1048576K
}
Event: 5.260 GC heap after
{Heap after GC invocations=17 (full 0):
 garbage-first heap   total 118784K, used 79391K [0x0000000080000000, 0x0000000100000000)
  region size 1024K, 3 young (3072K), 3 survivors (3072K)
 Metaspace       used 44538K, capacity 45747K, committed 45872K, reserved 1089536K
  class space    used 5704K, capacity 6150K, committed 6272K, reserved 1048576K
}
Event: 5.522 GC heap before
{Heap before GC invocations=18 (full 0):
 garbage-first heap   total 118784K, used 102943K [0x0000000080000000, 0x0000000100000000)
  region size 1024K, 21 young (21504K), 3 survivors (3072K)
 Metaspace       used 45481K, capacity 46757K, committed 47024K, reserved 1089536K
  class space    used 5826K, capacity 6313K, committed 6400K, reserved 1048576K
}
Event: 5.526 GC heap after
{Heap after GC invocations=19 (full 0):
 garbage-first heap   total 143360K, used 86249K [0x0000000080000000, 0x0000000100000000)
  region size 1024K, 3 young (3072K), 3 survivors (3072K)
 Metaspace       used 45481K, capacity 46757K, committed 47024K, reserved 1089536K
  class space    used 5826K, capacity 6313K, committed 6400K, reserved 1048576K
}
Event: 5.581 GC heap before
{Heap before GC invocations=19 (full 0):
 garbage-first heap   total 143360K, used 90345K [0x0000000080000000, 0x0000000100000000)
  region size 1024K, 8 young (8192K), 3 survivors (3072K)
 Metaspace       used 45795K, capacity 47109K, committed 47280K, reserved 1089536K
  class space    used 5854K, capacity 6345K, committed 6400K, reserved 1048576K
}
Event: 5.585 GC heap after
{Heap after GC invocations=20 (full 0):
 garbage-first heap   total 143360K, used 87003K [0x0000000080000000, 0x0000000100000000)
  region size 1024K, 3 young (3072K), 3 survivors (3072K)
 Metaspace       used 45795K, capacity 47109K, committed 47280K, reserved 1089536K
  class space    used 5854K, capacity 6345K, committed 6400K, reserved 1048576K
}
Event: 5.801 GC heap before
{Heap before GC invocations=21 (full 0):
 garbage-first heap   total 143360K, used 107483K [0x0000000080000000, 0x0000000100000000)
  region size 1024K, 22 young (22528K), 3 survivors (3072K)
 Metaspace       used 47070K, capacity 48344K, committed 48560K, reserved 1091584K
  class space    used 5937K, capacity 6392K, committed 6400K, reserved 1048576K
}
Event: 5.806 GC heap after
{Heap after GC invocations=22 (full 0):
 garbage-first heap   total 143360K, used 88020K [0x0000000080000000, 0x0000000100000000)
  region size 1024K, 2 young (2048K), 2 survivors (2048K)
 Metaspace       used 47070K, capacity 48344K, committed 48560K, reserved 1091584K
  class space    used 5937K, capacity 6392K, committed 6400K, reserved 1048576K
}
Event: 6.043 GC heap before
{Heap before GC invocations=22 (full 0):
 garbage-first heap   total 143360K, used 108500K [0x0000000080000000, 0x0000000100000000)
  region size 1024K, 22 young (22528K), 2 survivors (2048K)
 Metaspace       used 48400K, capacity 49751K, committed 49968K, reserved 1093632K
  class space    used 6153K, capacity 6687K, committed 6784K, reserved 1048576K
}
Event: 6.048 GC heap after
{Heap after GC invocations=23 (full 0):
 garbage-first heap   total 143360K, used 89230K [0x0000000080000000, 0x0000000100000000)
  region size 1024K, 3 young (3072K), 3 survivors (3072K)
 Metaspace       used 48400K, capacity 49751K, committed 49968K, reserved 1093632K
  class space    used 6153K, capacity 6687K, committed 6784K, reserved 1048576K
}
Event: 6.299 GC heap before
{Heap before GC invocations=24 (full 0):
 garbage-first heap   total 143360K, used 114830K [0x0000000080000000, 0x0000000100000000)
  region size 1024K, 24 young (24576K), 3 survivors (3072K)
 Metaspace       used 49928K, capacity 51364K, committed 51504K, reserved 1093632K
  class space    used 6417K, capacity 6971K, committed 7040K, reserved 1048576K
}

